00:18:52.267 [ApplicationImpl pooled thread 330] INFO  c.b.l.BrowserStackRunExtension - testng
00:18:52.270 [ApplicationImpl pooled thread 330] INFO  com.browserstack.utils.Helpers - null
00:18:52.270 [ApplicationImpl pooled thread 330] INFO  c.b.l.BrowserStackRunExtension - Agent path: null
00:21:04.702 [AWT-EventQueue-0] INFO  c.b.actions.DisableBrowserStack - Setting disable browserstack run update
00:21:04.719 [AWT-EventQueue-0] INFO  c.b.actions.EnableBrowserStack - Setting enable browserstack run update
14:10:21.897 [ApplicationImpl pooled thread 25] INFO  c.b.l.BrowserStackRunExtension - junit
14:10:21.899 [ApplicationImpl pooled thread 25] INFO  com.browserstack.utils.Helpers - null
14:10:21.900 [ApplicationImpl pooled thread 25] INFO  c.b.l.BrowserStackRunExtension - Agent path: null
14:15:22.209 [ApplicationImpl pooled thread 30] INFO  c.b.l.BrowserStackRunExtension - maven
14:15:22.209 [ApplicationImpl pooled thread 30] INFO  com.browserstack.utils.Helpers - null
14:15:53.365 [ApplicationImpl pooled thread 32] INFO  c.b.l.BrowserStackRunExtension - junit
14:15:53.365 [ApplicationImpl pooled thread 32] INFO  com.browserstack.utils.Helpers - null
14:15:53.367 [ApplicationImpl pooled thread 32] INFO  c.b.l.BrowserStackRunExtension - Agent path: null
14:27:03.494 [ApplicationImpl pooled thread 33] INFO  c.b.l.BrowserStackRunExtension - junit
14:27:03.495 [ApplicationImpl pooled thread 33] INFO  com.browserstack.utils.Helpers - null
14:27:03.495 [ApplicationImpl pooled thread 33] INFO  c.b.l.BrowserStackRunExtension - Agent path: null
14:52:33.420 [ApplicationImpl pooled thread 44] INFO  c.b.l.BrowserStackRunExtension - junit
14:52:33.420 [ApplicationImpl pooled thread 44] INFO  com.browserstack.utils.Helpers - null
14:52:33.420 [ApplicationImpl pooled thread 44] INFO  c.b.l.BrowserStackRunExtension - Agent path: null
15:35:11.493 [ApplicationImpl pooled thread 50] INFO  c.b.l.BrowserStackRunExtension - junit
15:35:11.494 [ApplicationImpl pooled thread 50] INFO  com.browserstack.utils.Helpers - null
15:35:11.494 [ApplicationImpl pooled thread 50] INFO  c.b.l.BrowserStackRunExtension - Agent path: null
15:42:28.224 [ApplicationImpl pooled thread 56] INFO  c.b.l.BrowserStackRunExtension - junit
15:42:28.224 [ApplicationImpl pooled thread 56] INFO  com.browserstack.utils.Helpers - null
15:42:28.224 [ApplicationImpl pooled thread 56] INFO  c.b.l.BrowserStackRunExtension - Agent path: null
15:45:41.119 [ApplicationImpl pooled thread 54] INFO  c.b.l.BrowserStackRunExtension - maven
15:45:41.119 [ApplicationImpl pooled thread 54] INFO  com.browserstack.utils.Helpers - null
15:45:58.238 [ApplicationImpl pooled thread 61] INFO  c.b.l.BrowserStackRunExtension - junit
15:45:58.238 [ApplicationImpl pooled thread 61] INFO  com.browserstack.utils.Helpers - null
15:45:58.238 [ApplicationImpl pooled thread 61] INFO  c.b.l.BrowserStackRunExtension - Agent path: null
15:51:29.962 [ApplicationImpl pooled thread 61] INFO  c.b.l.BrowserStackRunExtension - junit
15:51:29.962 [ApplicationImpl pooled thread 61] INFO  com.browserstack.utils.Helpers - null
15:51:29.963 [ApplicationImpl pooled thread 61] INFO  c.b.l.BrowserStackRunExtension - Agent path: null
15:53:45.802 [ApplicationImpl pooled thread 69] INFO  c.b.l.BrowserStackRunExtension - junit
15:53:45.803 [ApplicationImpl pooled thread 69] INFO  com.browserstack.utils.Helpers - null
15:53:45.803 [ApplicationImpl pooled thread 69] INFO  c.b.l.BrowserStackRunExtension - Agent path: null
15:55:00.740 [ApplicationImpl pooled thread 70] INFO  c.b.l.BrowserStackRunExtension - junit
15:55:00.741 [ApplicationImpl pooled thread 70] INFO  com.browserstack.utils.Helpers - null
15:55:00.741 [ApplicationImpl pooled thread 70] INFO  c.b.l.BrowserStackRunExtension - Agent path: null
16:14:11.782 [ApplicationImpl pooled thread 72] INFO  c.b.l.BrowserStackRunExtension - application
16:14:11.782 [ApplicationImpl pooled thread 72] INFO  com.browserstack.utils.Helpers - null
14:13:50.713 [ApplicationImpl pooled thread 57] INFO  c.b.l.BrowserStackRunExtension - testng
14:13:50.713 [ApplicationImpl pooled thread 57] INFO  com.browserstack.utils.Helpers - null
14:13:50.713 [ApplicationImpl pooled thread 57] INFO  c.b.l.BrowserStackRunExtension - Agent path: null
14:18:55.883 [ApplicationImpl pooled thread 61] INFO  c.b.l.BrowserStackRunExtension - testng
14:18:55.883 [ApplicationImpl pooled thread 61] INFO  com.browserstack.utils.Helpers - null
14:18:55.884 [ApplicationImpl pooled thread 61] INFO  c.b.l.BrowserStackRunExtension - Agent path: null
14:20:44.331 [ApplicationImpl pooled thread 60] INFO  c.b.l.BrowserStackRunExtension - maven
14:20:44.331 [ApplicationImpl pooled thread 60] INFO  com.browserstack.utils.Helpers - null
14:21:01.612 [ApplicationImpl pooled thread 57] INFO  c.b.l.BrowserStackRunExtension - testng
14:21:01.612 [ApplicationImpl pooled thread 57] INFO  com.browserstack.utils.Helpers - null
14:21:01.613 [ApplicationImpl pooled thread 57] INFO  c.b.l.BrowserStackRunExtension - Agent path: null
14:23:34.557 [ApplicationImpl pooled thread 57] INFO  c.b.l.BrowserStackRunExtension - testng
14:23:34.558 [ApplicationImpl pooled thread 57] INFO  com.browserstack.utils.Helpers - null
14:23:34.558 [ApplicationImpl pooled thread 57] INFO  c.b.l.BrowserStackRunExtension - Agent path: null
14:25:57.725 [ApplicationImpl pooled thread 57] INFO  c.b.l.BrowserStackRunExtension - testng
14:25:57.725 [ApplicationImpl pooled thread 57] INFO  com.browserstack.utils.Helpers - null
14:25:57.726 [ApplicationImpl pooled thread 57] INFO  c.b.l.BrowserStackRunExtension - Agent path: null
14:34:45.534 [ApplicationImpl pooled thread 4] INFO  c.b.l.BrowserStackRunExtension - testng
14:34:45.534 [ApplicationImpl pooled thread 4] INFO  com.browserstack.utils.Helpers - null
14:34:45.534 [ApplicationImpl pooled thread 4] INFO  c.b.l.BrowserStackRunExtension - Agent path: null
14:42:14.689 [ApplicationImpl pooled thread 8] INFO  c.b.l.BrowserStackRunExtension - testng
14:42:14.689 [ApplicationImpl pooled thread 8] INFO  com.browserstack.utils.Helpers - null
14:42:14.689 [ApplicationImpl pooled thread 8] INFO  c.b.l.BrowserStackRunExtension - Agent path: null
14:47:09.432 [ApplicationImpl pooled thread 24] INFO  c.b.l.BrowserStackRunExtension - testng
14:47:09.432 [ApplicationImpl pooled thread 24] INFO  com.browserstack.utils.Helpers - null
14:47:09.432 [ApplicationImpl pooled thread 24] INFO  c.b.l.BrowserStackRunExtension - Agent path: null
14:57:12.933 [ApplicationImpl pooled thread 34] INFO  c.b.l.BrowserStackRunExtension - testng
14:57:12.934 [ApplicationImpl pooled thread 34] INFO  com.browserstack.utils.Helpers - null
14:57:12.934 [ApplicationImpl pooled thread 34] INFO  c.b.l.BrowserStackRunExtension - Agent path: null
15:05:13.675 [ApplicationImpl pooled thread 42] INFO  c.b.l.BrowserStackRunExtension - testng
15:05:13.675 [ApplicationImpl pooled thread 42] INFO  com.browserstack.utils.Helpers - null
15:05:13.676 [ApplicationImpl pooled thread 42] INFO  c.b.l.BrowserStackRunExtension - Agent path: null
15:06:09.808 [ApplicationImpl pooled thread 41] INFO  c.b.l.BrowserStackRunExtension - testng
15:06:09.808 [ApplicationImpl pooled thread 41] INFO  com.browserstack.utils.Helpers - null
15:06:09.809 [ApplicationImpl pooled thread 41] INFO  c.b.l.BrowserStackRunExtension - Agent path: null
15:08:19.874 [ApplicationImpl pooled thread 41] INFO  c.b.l.BrowserStackRunExtension - maven
15:08:19.875 [ApplicationImpl pooled thread 41] INFO  com.browserstack.utils.Helpers - null
15:11:05.764 [ApplicationImpl pooled thread 8] INFO  c.b.l.BrowserStackRunExtension - testng
15:11:05.764 [ApplicationImpl pooled thread 8] INFO  com.browserstack.utils.Helpers - null
15:11:05.767 [ApplicationImpl pooled thread 8] INFO  c.b.l.BrowserStackRunExtension - Agent path: null
15:17:03.965 [ApplicationImpl pooled thread 51] INFO  c.b.l.BrowserStackRunExtension - testng
15:17:03.965 [ApplicationImpl pooled thread 51] INFO  com.browserstack.utils.Helpers - null
15:17:03.965 [ApplicationImpl pooled thread 51] INFO  c.b.l.BrowserStackRunExtension - Agent path: null
15:39:06.481 [ApplicationImpl pooled thread 63] INFO  c.b.l.BrowserStackRunExtension - testng
15:39:06.481 [ApplicationImpl pooled thread 63] INFO  com.browserstack.utils.Helpers - null
15:39:06.481 [ApplicationImpl pooled thread 63] INFO  c.b.l.BrowserStackRunExtension - Agent path: null
15:39:52.160 [ApplicationImpl pooled thread 71] INFO  c.b.l.BrowserStackRunExtension - testng
15:39:52.160 [ApplicationImpl pooled thread 71] INFO  com.browserstack.utils.Helpers - null
15:39:52.161 [ApplicationImpl pooled thread 71] INFO  c.b.l.BrowserStackRunExtension - Agent path: null
15:47:08.478 [ApplicationImpl pooled thread 78] INFO  c.b.l.BrowserStackRunExtension - testng
15:47:08.478 [ApplicationImpl pooled thread 78] INFO  com.browserstack.utils.Helpers - null
15:47:08.479 [ApplicationImpl pooled thread 78] INFO  c.b.l.BrowserStackRunExtension - Agent path: null
15:49:15.018 [ApplicationImpl pooled thread 71] INFO  c.b.l.BrowserStackRunExtension - testng
15:49:15.018 [ApplicationImpl pooled thread 71] INFO  com.browserstack.utils.Helpers - null
15:49:15.018 [ApplicationImpl pooled thread 71] INFO  c.b.l.BrowserStackRunExtension - Agent path: null
15:50:28.913 [ApplicationImpl pooled thread 84] INFO  c.b.l.BrowserStackRunExtension - testng
15:50:28.914 [ApplicationImpl pooled thread 84] INFO  com.browserstack.utils.Helpers - null
15:50:28.914 [ApplicationImpl pooled thread 84] INFO  c.b.l.BrowserStackRunExtension - Agent path: null
15:50:52.121 [ApplicationImpl pooled thread 71] INFO  c.b.l.BrowserStackRunExtension - testng
15:50:52.121 [ApplicationImpl pooled thread 71] INFO  com.browserstack.utils.Helpers - null
15:50:52.121 [ApplicationImpl pooled thread 71] INFO  c.b.l.BrowserStackRunExtension - Agent path: null
16:10:47.674 [ApplicationImpl pooled thread 79] INFO  c.b.l.BrowserStackRunExtension - testng
16:10:47.674 [ApplicationImpl pooled thread 79] INFO  com.browserstack.utils.Helpers - null
16:10:47.675 [ApplicationImpl pooled thread 79] INFO  c.b.l.BrowserStackRunExtension - Agent path: null
16:11:39.695 [ApplicationImpl pooled thread 90] INFO  c.b.l.BrowserStackRunExtension - testng
16:11:39.695 [ApplicationImpl pooled thread 90] INFO  com.browserstack.utils.Helpers - null
16:11:39.696 [ApplicationImpl pooled thread 90] INFO  c.b.l.BrowserStackRunExtension - Agent path: null
16:15:11.851 [ApplicationImpl pooled thread 95] INFO  c.b.l.BrowserStackRunExtension - testng
16:15:11.852 [ApplicationImpl pooled thread 95] INFO  com.browserstack.utils.Helpers - null
16:15:11.852 [ApplicationImpl pooled thread 95] INFO  c.b.l.BrowserStackRunExtension - Agent path: null
16:19:49.570 [ApplicationImpl pooled thread 85] INFO  c.b.l.BrowserStackRunExtension - testng
16:19:49.570 [ApplicationImpl pooled thread 85] INFO  com.browserstack.utils.Helpers - null
16:19:49.571 [ApplicationImpl pooled thread 85] INFO  c.b.l.BrowserStackRunExtension - Agent path: null
16:21:46.182 [AWT-EventQueue-0] INFO  c.b.actions.EnableBrowserStack - Setting enable browserstack run update
16:21:46.193 [AWT-EventQueue-0] INFO  c.b.actions.DisableBrowserStack - Setting disable browserstack run update
16:23:14.097 [ApplicationImpl pooled thread 102] INFO  c.b.l.BrowserStackRunExtension - testng
16:23:14.097 [ApplicationImpl pooled thread 102] INFO  com.browserstack.utils.Helpers - null
16:23:14.098 [ApplicationImpl pooled thread 102] INFO  c.b.l.BrowserStackRunExtension - Agent path: null
16:24:36.021 [ApplicationImpl pooled thread 103] INFO  c.b.l.BrowserStackRunExtension - testng
16:24:36.021 [ApplicationImpl pooled thread 103] INFO  com.browserstack.utils.Helpers - null
16:24:36.022 [ApplicationImpl pooled thread 103] INFO  c.b.l.BrowserStackRunExtension - Agent path: null
13:26:48.944 [ApplicationImpl pooled thread 238] INFO  c.b.l.BrowserStackRunExtension - testng
13:26:48.944 [ApplicationImpl pooled thread 238] INFO  com.browserstack.utils.Helpers - null
13:26:48.945 [ApplicationImpl pooled thread 238] INFO  c.b.l.BrowserStackRunExtension - Agent path: null
13:30:08.639 [ApplicationImpl pooled thread 253] INFO  c.b.l.BrowserStackRunExtension - testng
13:30:08.639 [ApplicationImpl pooled thread 253] INFO  com.browserstack.utils.Helpers - null
13:30:08.639 [ApplicationImpl pooled thread 253] INFO  c.b.l.BrowserStackRunExtension - Agent path: null
13:40:20.765 [ApplicationImpl pooled thread 263] INFO  c.b.l.BrowserStackRunExtension - testng
13:40:20.765 [ApplicationImpl pooled thread 263] INFO  com.browserstack.utils.Helpers - null
13:40:20.765 [ApplicationImpl pooled thread 263] INFO  c.b.l.BrowserStackRunExtension - Agent path: null
13:42:18.427 [ApplicationImpl pooled thread 263] INFO  c.b.l.BrowserStackRunExtension - testng
13:42:18.427 [ApplicationImpl pooled thread 263] INFO  com.browserstack.utils.Helpers - null
13:42:18.428 [ApplicationImpl pooled thread 263] INFO  c.b.l.BrowserStackRunExtension - Agent path: null
13:45:02.706 [ApplicationImpl pooled thread 263] INFO  c.b.l.BrowserStackRunExtension - testng
13:45:02.706 [ApplicationImpl pooled thread 263] INFO  com.browserstack.utils.Helpers - null
13:45:02.707 [ApplicationImpl pooled thread 263] INFO  c.b.l.BrowserStackRunExtension - Agent path: null
13:45:43.723 [ApplicationImpl pooled thread 242] INFO  c.b.l.BrowserStackRunExtension - testng
13:45:43.724 [ApplicationImpl pooled thread 242] INFO  com.browserstack.utils.Helpers - null
13:45:43.724 [ApplicationImpl pooled thread 242] INFO  c.b.l.BrowserStackRunExtension - Agent path: null
13:46:32.529 [ApplicationImpl pooled thread 267] INFO  c.b.l.BrowserStackRunExtension - testng
13:46:32.529 [ApplicationImpl pooled thread 267] INFO  com.browserstack.utils.Helpers - null
13:46:32.529 [ApplicationImpl pooled thread 267] INFO  c.b.l.BrowserStackRunExtension - Agent path: null
13:47:36.732 [ApplicationImpl pooled thread 263] INFO  c.b.l.BrowserStackRunExtension - testng
13:47:36.732 [ApplicationImpl pooled thread 263] INFO  com.browserstack.utils.Helpers - null
13:47:36.736 [ApplicationImpl pooled thread 263] INFO  c.b.l.BrowserStackRunExtension - Agent path: null
13:51:11.713 [ApplicationImpl pooled thread 260] INFO  c.b.l.BrowserStackRunExtension - testng
13:51:11.714 [ApplicationImpl pooled thread 260] INFO  com.browserstack.utils.Helpers - null
13:51:11.714 [ApplicationImpl pooled thread 260] INFO  c.b.l.BrowserStackRunExtension - Agent path: null
14:16:05.330 [ApplicationImpl pooled thread 296] INFO  c.b.l.BrowserStackRunExtension - testng
14:16:05.338 [ApplicationImpl pooled thread 296] INFO  com.browserstack.utils.Helpers - null
14:16:05.338 [ApplicationImpl pooled thread 296] INFO  c.b.l.BrowserStackRunExtension - Agent path: null
